<?xml version="1.0" encoding="UTF-8"?>
<!-- Generated by org.testng.reporters.JUnitReportReporter -->
<testsuite hostname="DESKTOP-TJD9HGJ" failures="0" tests="1" name="com.matrimony.web.testcases.MarathiMatrimony" time="2.905" errors="0" timestamp="2021-11-10T20:06:02 IST" skipped="0">
  <testcase classname="com.matrimony.web.testcases.MarathiMatrimony" name="marathiMatrimony" time="2.905"/>
  <system-out/>
</testsuite> <!-- com.matrimony.web.testcases.MarathiMatrimony -->
